<?xml version="1.0" encoding="UTF-8"?>
<!-- Generated by org.testng.reporters.JUnitReportReporter -->
<testsuite hostname="KARTHI" failures="0" tests="11" name="parallel.ParallelTestRunner" time="347.453" errors="0" timestamp="09 Sep 2022 13:25:35 GMT" skipped="2">
  <testcase classname="parallel.ParallelTestRunner" name="runScenario" time="38.126"/>
  <testcase classname="parallel.ParallelTestRunner" name="runScenario" time="39.569"/>
  <testcase classname="parallel.ParallelTestRunner" name="runScenario" time="15.385">
    <skipped/>
  </testcase> <!-- runScenario -->
  <testcase classname="parallel.ParallelTestRunner" name="runScenario" time="26.299"/>
  <testcase classname="parallel.ParallelTestRunner" name="runScenario" time="29.061"/>
  <testcase classname="parallel.ParallelTestRunner" name="runScenario" time="5.425">
    <skipped/>
  </testcase> <!-- runScenario -->
  <testcase classname="parallel.ParallelTestRunner" name="runScenario" time="36.264"/>
  <testcase classname="parallel.ParallelTestRunner" name="runScenario" time="39.402"/>
  <testcase classname="parallel.ParallelTestRunner" name="runScenario" time="39.445"/>
  <testcase classname="parallel.ParallelTestRunner" name="runScenario" time="39.048"/>
  <testcase classname="parallel.ParallelTestRunner" name="runScenario" time="39.429"/>
</testsuite> <!-- parallel.ParallelTestRunner -->
